PREHOOK: query: drop table if exists foo
PREHOOK: type: DROPTABLE
POSTHOOK: query: drop table if exists foo
POSTHOOK: type: DROPTABLE
PREHOOK: query: create temporary table foo (a string) stored as orc
PREHOOK: type: CREATETABLE
PREHOOK: Output: database:default
PREHOOK: Output: default@foo
POSTHOOK: query: create temporary table foo (a string) stored as orc
POSTHOOK: type: CREATETABLE
POSTHOOK: Output: database:default
POSTHOOK: Output: default@foo
PREHOOK: query: insert into foo values("some foo"),("some bar"),(null)
PREHOOK: type: QUERY
PREHOOK: Input: default@values__tmp__table__1
PREHOOK: Output: default@foo
POSTHOOK: query: insert into foo values("some foo"),("some bar"),(null)
POSTHOOK: type: QUERY
POSTHOOK: Input: default@values__tmp__table__1
POSTHOOK: Output: default@foo
POSTHOOK: Lineage: foo.a SIMPLE [(values__tmp__table__1)values__tmp__table__1.FieldSchema(name:tmp_values_col1, type:string, comment:), ]
PREHOOK: query: -- Fix HIVE-17804 "Vectorization: Bug erroneously causes match for 1st row in batch (SelectStringColLikeStringScalar)"

EXPLAIN
select a, a like "%bar" from foo order by a
PREHOOK: type: QUERY
POSTHOOK: query: -- Fix HIVE-17804 "Vectorization: Bug erroneously causes match for 1st row in batch (SelectStringColLikeStringScalar)"

EXPLAIN
select a, a like "%bar" from foo order by a
POSTHOOK: type: QUERY
STAGE DEPENDENCIES:
  Stage-1 is a root stage
  Stage-0 depends on stages: Stage-1

STAGE PLANS:
  Stage: Stage-1
    Map Reduce
      Map Operator Tree:
          TableScan
            alias: foo
            Statistics: Num rows: 2 Data size: 272 Basic stats: COMPLETE Column stats: NONE
            Select Operator
              expressions: a (type: string), (a like '%bar') (type: boolean)
              outputColumnNames: _col0, _col1
              Statistics: Num rows: 2 Data size: 272 Basic stats: COMPLETE Column stats: NONE
              Reduce Output Operator
                key expressions: _col0 (type: string)
                sort order: +
                Statistics: Num rows: 2 Data size: 272 Basic stats: COMPLETE Column stats: NONE
                value expressions: _col1 (type: boolean)
      Execution mode: vectorized
      Reduce Operator Tree:
        Select Operator
          expressions: KEY.reducesinkkey0 (type: string), VALUE._col0 (type: boolean)
          outputColumnNames: _col0, _col1
          Statistics: Num rows: 2 Data size: 272 Basic stats: COMPLETE Column stats: NONE
          File Output Operator
            compressed: false
            Statistics: Num rows: 2 Data size: 272 Basic stats: COMPLETE Column stats: NONE
            table:
                input format: org.apache.hadoop.mapred.TextInputFormat
                output format: org.apache.hadoop.hive.ql.io.HiveIgnoreKeyTextOutputFormat
                serde: org.apache.hadoop.hive.serde2.lazy.LazySimpleSerDe

  Stage: Stage-0
    Fetch Operator
      limit: -1
      Processor Tree:
        ListSink

PREHOOK: query: select a, a like "%bar" from foo order by a
PREHOOK: type: QUERY
PREHOOK: Input: default@foo
#### A masked pattern was here ####
POSTHOOK: query: select a, a like "%bar" from foo order by a
POSTHOOK: type: QUERY
POSTHOOK: Input: default@foo
#### A masked pattern was here ####
NULL	NULL
some bar	true
some foo	false
PREHOOK: query: select a, a like "%bar" from foo order by a
PREHOOK: type: QUERY
PREHOOK: Input: default@foo
#### A masked pattern was here ####
POSTHOOK: query: select a, a like "%bar" from foo order by a
POSTHOOK: type: QUERY
POSTHOOK: Input: default@foo
#### A masked pattern was here ####
NULL	NULL
some bar	true
some foo	false
